= Start
@ /lib64/libc.so.6:(__strdup+0x1a)[0x7f806e744b8a] + 0xdf55c0 0xf
@ /lib64/libc.so.6:[0x7f806e726c4d] + 0xdf55e0 0x238
@ /lib64/libc.so.6:[0x7f806e76f178] + 0xdf5820 0x14e
@ /lib64/libc.so.6:(fclose+0x177)[0x7f806e726247] - 0xdf55e0
@ /lib64/libc.so.6:[0x7f806e76dd4f] + 0xdf55e0 0x14
@ /lib64/libc.so.6:[0x7f806e76dd4f] + 0xdf5600 0x14
@ /lib64/libc.so.6:[0x7f806e76dd4f] + 0xdf5620 0x14
@ /lib64/libc.so.6:[0x7f806e726c4d] + 0xdf5980 0x238
@ /lib64/libc.so.6:(fclose+0x177)[0x7f806e726247] - 0xdf5980
@ /lib64/libc.so.6:[0x7f806e76e1c9] - 0xdf55c0
@ /lib64/libc.so.6:(__strdup+0x1a)[0x7f806e744b8a] + 0xdf55c0 0xf
@ /lib64/libc.so.6:[0x7f806e726c4d] + 0xdf5980 0x238
@ /lib64/libc.so.6:(fclose+0x177)[0x7f806e726247] - 0xdf5980
@ /lib64/libc.so.6:[0x7f806e726c4d] + 0xdf5980 0x238
@ /lib64/libc.so.6:(fclose+0x177)[0x7f806e726247] - 0xdf5980
@ /lib64/libc.so.6:[0x7f806e726c4d] + 0xdf5980 0x238
@ /lib64/libc.so.6:(fclose+0x177)[0x7f806e726247] - 0xdf5980
@ /lib64/libc.so.6:[0x7f806e726c4d] + 0xdf5980 0x238
@ /lib64/libc.so.6:(fclose+0x177)[0x7f806e726247] - 0xdf5980
@ /lib64/libc.so.6:[0x7f806e726c4d] + 0xdf5980 0x238
@ /lib64/libc.so.6:(fclose+0x177)[0x7f806e726247] - 0xdf5980
@ /lib64/libc.so.6:[0x7f806e726c4d] + 0xdf5980 0x238
@ /lib64/libc.so.6:(fclose+0x177)[0x7f806e726247] - 0xdf5980
@ /lib64/libc.so.6:[0x7f806e726c4d] + 0xdf5980 0x238
@ /lib64/libc.so.6:(fclose+0x177)[0x7f806e726247] - 0xdf5980
@ /lib64/libc.so.6:(clearenv+0x7a)[0x7f806e6f1aea] - 0xdf5010
@ /lib64/libc.so.6:(tdestroy+0x5d)[0x7f806e7b3d4d] - 0xdf5120
@ /lib64/libc.so.6:[0x7f806e82888c] - 0xdf5140
@ /lib64/libc.so.6:[0x7f806e828a62] - 0xdf55e0
@ /lib64/libc.so.6:[0x7f806e828a62] - 0xdf5600
@ /lib64/libc.so.6:[0x7f806e828a62] - 0xdf5620
@ /lib64/libc.so.6:[0x7f806e828a73] - 0xdf55c0
@ /lib64/libc.so.6:(__libc_freeres+0x5c)[0x7f806e828a2c] - 0xdf5820
b64/libc.so.6:(fclose+0x177)[0x7f806e726247] - 0xdf5980
@ /lib64/libc.so.6:[0x7f806e726c4d] + 0xdf5980 0x238
@ /lib64/libc.so.6:(fclose+0x177)[0x7f806e726247] - 0xdf5980
@ /lib64/libc.so.6:[0x7f806e726c4d] + 0xdf5980 0x238
@ /lib64/libc.so.6:(fclose+0x177)[0x7f806e726247] - 0xdf5980
@ /lib64/libc.so.6:[0x7f806e726c4d] + 0xdf5980 0x238
@ /lib64/libc.so.6:(fclose+0x177)[0x7f806e726247] - 0xdf5980
@ /lib64/libc.so.6:[0x7f806e76e1c9] - 0xdf55c0
@ /lib64/libc.so.6:(__strdup+0x1a)[0x7f806e744b8a] + 0xdf55c0 0xf
@ /lib64/libc.so.6:[0x7f806e726c4d] + 0xdf5980 0x238
@ /lib64/libc.so.6:(fclose+0x177)[0x7f806e726247] - 0xdf5980
@ ./bin/myapp:[0x414e8c] + 0xdf5640 0x4
@ /lib64/ld-linux-x86-64.so.2:(_dl_allocate_tls+0x25)[0x7f806f7ea785] + 0xdf5980 0x240
@ /lib64/libc.so.6:[0x7f806e76e1c9] - 0xdf55c0
@ /lib64/libc.so.6:(__strdup+0x1a)[0x7f806e744b8a] + 0x7f80680008c0 0xf
@ /lib64/libc.so.6:[0x7f806e726c4d] + 0x7f80680008e0 0x238
@ /lib64/libc.so.6:(fclose+0x177)[0x7f806e726247] - 0x7f80680008e0
@ ./bin/myapp:[0x4148e8] - 0xdf5640
@ ./bin/myapp:[0x4148f2] + 0x7f80680008e0 0x2000
@ /lib64/libc.so.6:[0x7f806e76e1c9] - 0x7f80680008c0
@ /lib64/libc.so.6:(__strdup+0x1a)[0x7f806e744b8a] + 0x7f80680008c0 0xf
@ /lib64/libc.so.6:[0x7f806e726c4d] + 0x7f80680028f0 0x238
@ /lib64/libc.so.6:(fclose+0x177)[0x7f806e726247] - 0x7f80680028f0
@ ./bin/myapp:[0x4134eb] + 0x7f80680028f0 0x4
@ ./bin/myapp:[0x41361e] + 0x7f8068002910 0x2
@ ./bin/myapp:[0x4136be] + 0x7f8068002930 0x2
@ ./bin/myapp:[0x41372f] - 0x7f8068002910
@ ./bin/myapp:[0x413a73] + 0x7f8068002950 0x1af
@ ./bin/myapp:[0x411f94] + 0x7f8068002b10 0x48
@ ./bin/myapp:[0x412042] + 0x7f8068002b60 0x19
@ ./bin/myapp:[0x41213a] + 0x7f8068002910 0x17
@ ./bin/myapp:[0x41213a] + 0x7f8068002b90 0x1d
@ ./bin/myapp:[0x41213a] + 0x7f8068002bc0 0x77
@ ./bin/myapp:[0x41213a] + 0x7f8068002c40 0x90
@ ./bin/myapp:[0x41213a] + 0x7f8068002ce0 0x12
@ ./bin/myapp:[0x41213a] + 0x7f8068002d00 0x1f
@ ./bin/myapp:[0x41213a] + 0x7f8068002d30 0x20
@ ./bin/myapp:[0x413b21] - 0x7f8068002950
@ /lib64/libc.so.6:[0x7f806e76e1c9] - 0x7f80680008c0
@ /lib64/libc.so.6:(__strdup+0x1a)[0x7f806e744b8a] + 0x7f80680008c0 0xf
@ /lib64/libc.so.6:[0x7f806e726c4d] + 0x7f8068002d60 0x238
@ /lib64/libc.so.6:(fclose+0x177)[0x7f806e726247] - 0x7f8068002d60
@ /lib64/libc.so.6:[0x7f806e76e1c9] - 0x7f80680008c0
@ /lib64/libc.so.6:(__strdup+0x1a)[0x7f806e744b8a] + 0x7f80680008c0 0xf
@ /lib64/libc.so.6:[0x7f806e726c4d] + 0x7f8068002d60 0x238
@ /lib64/libc.so.6:(fclose+0x177)[0x7f806e726247] - 0x7f8068002d60
@ /lib64/libc.so.6:[0x7f806e76e1c9] - 0x7f80680008c0
@ /lib64/libc.so.6:(__strdup+0x1a)[0x7f806e744b8a] + 0x7f80680008c0 0xf
@ /lib64/libc.so.6:[0x7f806e726c4d] + 0x7f8068002d60 0x238
@ /lib64/libc.so.6:(fclose+0x177)[0x7f806e726247] - 0x7f8068002d60
@ /lib64/libc.so.6:[0x7f806e76e1c9] - 0x7f80680008c0
@ /lib64/libc.so.6:(__strdup+0x1a)[0x7f806e744b8a] + 0x7f80680008c0 0xf
@ /lib64/libc.so.6:[0x7f806e726c4d] + 0x7f8068002d60 0x238
@ /lib64/libc.so.6:(fclose+0x177)[0x7f806e726247] - 0x7f8068002d60
@ /lib64/libc.so.6:[0x7f806e76e1c9] - 0x7f80680008c0
@ /lib64/libc.so.6:(__strdup+0x1a)[0x7f806e744b8a] + 0x7f80680008c0 0xf
@ /lib64/libc.so.6:[0x7f806e726c4d] + 0x7f8068002d60 0x238
@ /lib64/libc.so.6:(fclose+0x177)[0x7f806e726247] - 0x7f8068002d60
@ /lib64/libc.so.6:[0x7f806e76e1c9] - 0x7f80680008c0
@ /lib64/libc.so.6:(__strdup+0x1a)[0x7f806e744b8a] + 0x7f80680008c0 0xf
@ /lib64/libc.so.6:[0x7f806e726c4d] + 0x7f8068002d60 0x238
@ /lib64/libc.so.6:(fclose+0x177)[0x7f806e726247] - 0x7f8068002d60
@ /lib64/libc.so.6:[0x7f806e76e1c9] - 0x7f80680008c0
@ /lib64/libc.so.6:(__strdup+0x1a)[0x7f806e744b8a] + 0x7f80680008c0 0xf
@ /lib64/libc.so.6:[0x7f806e726c4d] + 0x7f8068002d60 0x238
@ /lib64/libc.so.6:(fclose+0x177)[0x7f806e726247] - 0x7f8068002d60
@ /lib64/libc.so.6:[0x7f806e76e1c9] - 0x7f80680008c0
@ /lib64/libc.so.6:(__strdup+0x1a)[0x7f806e744b8a] + 0x7f80680008c0 0xf
@ /lib64/libc.so.6:[0x7f806e726c4d] + 0x7f8068002d60 0x238
@ /lib64/libc.so.6:(fclose+0x177)[0x7f806e726247] - 0x7f8068002d60
@ /lib64/libc.so.6:[0x7f806e76e1c9] - 0x7f80680008c0
@ /lib64/libc.so.6:(__strdup+0x1a)[0x7f806e744b8a] + 0x7f80680008c0 0xf
@ /lib64/libc.so.6:[0x7f806e726c4d] + 0x7f8068002d60 0x238
@ /lib64/libc.so.6:(fclose+0x177)[0x7f806e726247] - 0x7f8068002d60
@ /lib64/libc.so.6:[0x7f806e76e1c9] - 0x7f80680008c0
@ /lib64/libc.so.6:(__strdup+0x1a)[0x7f806e744b8a] + 0x7f80680008c0 0xf
@ /lib64/libc.so.6:[0x7f806e726c4d] + 0x7f8068002d60 0x238
@ /lib64/libc.so.6:(fclose+0x177)[0x7f806e726247] - 0x7f8068002d60
@ /lib64/libc.so.6:[0x7f806e76e1c9] - 0x7f80680008c0
@ /lib64/libc.so.6:(__strdup+0x1a)[0x7f806e744b8a] + 0x7f80680008c0 0xf
@ /lib64/libc.so.6:[0x7f806e726c4d] + 0x7f8068002d60 0x238
@ /lib64/libc.so.6:(fclose+0x177)[0x7f806e726247] - 0x7f8068002d60
@ /lib64/libc.so.6:[0x7f806e726c4d] + 0x7f8068002d60 0x238
@ ./bin/myapp:[0x4142db] + 0x7f8068002fa0 0xbce
@ /lib64/libc.so.6:(fclose+0x177)[0x7f806e726247] - 0x7f8068002d60
@ ./bin/myapp:[0x4048b3] + 0x7f8068002950 0x1
@ ./bin/myapp:[0x4048cd] + 0x7f8068003b80 0xbce
@ ./bin/myapp:[0x4048f6] + 0x7f8068002970 0x4
@ ./bin/myapp:[0x404b3d] - 0x7f8068002fa0
@ /lib64/libc.so.6:[0x7f806e76e1c9] - 0x7f80680008c0
@ /lib64/libc.so.6:(__strdup+0x1a)[0x7f806e744b8a] + 0x7f80680008c0 0xf
@ /lib64/libc.so.6:[0x7f806e726c4d] + 0x7f8068002d60 0x238
@ /lib64/libc.so.6:(fclose+0x177)[0x7f806e726247] - 0x7f8068002d60
@ /lib64/libc.so.6:[0x7f806e76e1c9] - 0x7f80680008c0
@ /lib64/libc.so.6:(__strdup+0x1a)[0x7f806e744b8a] + 0x7f80680008c0 0xf
@ /lib64/libc.so.6:[0x7f806e726c4d] + 0x7f8068002d60 0x238
@ /lib64/libc.so.6:(fclose+0x177)[0x7f806e726247] - 0x7f8068002d60
@ /lib64/libc.so.6:[0x7f806e76e1c9] - 0x7f80680008c0
@ /lib64/libc.so.6:(__strdup+0x1a)[0x7f806e744b8a] + 0x7f80680008c0 0xf
@ /lib64/libc.so.6:[0x7f806e726c4d] + 0x7f8068002d60 0x238
@ /lib64/libc.so.6:(fclose+0x177)[0x7f806e726247] - 0x7f8068002d60
@ /lib64/libc.so.6:[0x7f806e76e1c9] - 0x7f80680008c0
@ /lib64/libc.so.6:(__strdup+0x1a)[0x7f806e744b8a] + 0x7f80680008c0 0xf
@ /lib64/libc.so.6:[0x7f806e726c4d] + 0x7f8068002d60 0x238
@ /lib64/libc.so.6:(fclose+0x177)[0x7f806e726247] - 0x7f8068002d60
@ /lib64/libc.so.6:[0x7f806e76e1c9] - 0x7f80680008c0
@ /lib64/libc.so.6:(__strdup+0x1a)[0x7f806e744b8a] + 0x7f80680008c0 0xf
@ /lib64/libc.so.6:[0x7f806e726c4d] + 0x7f8068002d60 0x238
@ /lib64/libc.so.6:(fclose+0x177)[0x7f806e726247] - 0x7f8068002d60
@ ./bin/myapp:[0x412e27] + 0x7f8068002d60 0xc1d
@ ./bin/myapp:[0x41292a] - 0x7f8068002930
@ ./bin/myapp:[0x4128c4] - 0x7f8068002b60
@ ./bin/myapp:[0x4128c4] - 0x7f8068002910
@ ./bin/myapp:[0x4128c4] - 0x7f8068002b90
@ ./bin/myapp:[0x4128c4] - 0x7f8068002bc0
@ ./bin/myapp:[0x4128c4] - 0x7f8068002c40
@ ./bin/myapp:[0x4128c4] - 0x7f8068002ce0
@ ./bin/myapp:[0x4128c4] - 0x7f8068002d00
@ ./bin/myapp:[0x4128c4] - 0x7f8068002d30
@ ./bin/myapp:[0x4128fe] - 0x7f8068002b10
@ ./bin/myapp:[0x41292a] - 0x7f8068003b80
@ ./bin/myapp:[0x41292a] - 0x7f8068002950
@ ./bin/myapp:[0x41292a] - 0x7f8068002970
@ /lib64/libc.so.6:[0x7f806e76e1c9] - 0x7f80680008c0
@ /lib64/libc.so.6:(__strdup+0x1a)[0x7f806e744b8a] + 0x7f80680008c0 0xf
@ /lib64/libc.so.6:[0x7f806e726c4d] + 0x7f8068002990 0x238
@ /lib64/libc.so.6:(fclose+0x177)[0x7f806e726247] - 0x7f8068002990
@ ./bin/myapp:[0x414a26] - 0x7f8068002d60
@ ./bin/myapp:[0x414a32] - 0x7f80680008e0
@ /lib64/libc.so.6:[0x7f806e76e1c9] - 0x7f80680008c0
@ /lib64/libc.so.6:(__strdup+0x1a)[0x7f806e744b8a] + 0x7f80680008c0 0xf
@ /lib64/libc.so.6:[0x7f806e726c4d] + 0x7f80680008e0 0x238
@ /lib64/libc.so.6:(fclose+0x177)[0x7f806e726247] - 0x7f80680008e0
@ /lib64/libc.so.6:[0x7f806e76e1c9] - 0x7f80680008c0
@ /lib64/libc.so.6:(__strdup+0x1a)[0x7f806e744b8a] + 0xdf5640 0xf
@ /lib64/libc.so.6:[0x7f806e726c4d] + 0xdf5bd0 0x238
@ /lib64/libc.so.6:(fclose+0x177)[0x7f806e726247] - 0xdf5bd0
@ ./bin/myapp:[0x414e8c] + 0xdf55c0 0x4
@ /lib64/libc.so.6:[0x7f806e76e1c9] - 0xdf5640
@ /lib64/libc.so.6:(__strdup+0x1a)[0x7f806e744b8a] + 0x7f80680008c0 0xf
@ /lib64/libc.so.6:[0x7f806e726c4d] + 0x7f80680008e0 0x238
@ /lib64/libc.so.6:(fclose+0x177)[0x7f806e726247] - 0x7f80680008e0
@ ./bin/myapp:[0x4148e8] - 0xdf55c0
@ ./bin/myapp:[0x4148f2] + 0x7f80680008e0 0x2000
@ /lib64/libc.so.6:[0x7f806e76e1c9] - 0x7f80680008c0
@ /lib64/libc.so.6:(__strdup+0x1a)[0x7f806e744b8a] + 0x7f80680008c0 0xf
@ /lib64/libc.so.6:[0x7f806e726c4d] + 0x7f8068002910 0x238
@ /lib64/libc.so.6:(fclose+0x177)[0x7f806e726247] - 0x7f8068002910
@ ./bin/myapp:[0x4134eb] + 0x7f8068002910 0x4
@ ./bin/myapp:[0x41361e] + 0x7f8068002930 0xf
@ ./bin/myapp:[0x4136be] + 0x7f8068002950 0xf
@ ./bin/myapp:[0x41372f] - 0x7f8068002930
@ ./bin/myapp:[0x413816] + 0x7f8068002930 0xe
@ ./bin/myapp:[0x413962] - 0x7f8068002930
@ ./bin/myapp:[0x413a73] + 0x7f8068002970 0x15f
@ ./bin/myapp:[0x411f94] + 0x7f8068002ae0 0x48
@ ./bin/myapp:[0x412042] + 0x7f8068002b30 0x19
@ ./bin/myapp:[0x41213a] + 0x7f8068002930 0x17
@ ./bin/myapp:[0x41213a] + 0x7f8068002b60 0x77
@ ./bin/myapp:[0x41213a] + 0x7f8068002be0 0x39
@ ./bin/myapp:[0x41213a] + 0x7f8068002c30 0x12
@ ./bin/myapp:[0x41213a] + 0x7f8068002c50 0x24
@ ./bin/myapp:[0x41213a] + 0x7f8068002c80 0x1f
@ ./bin/myapp:[0x41213a] + 0x7f8068002cb0 0x20
@ ./bin/myapp:[0x413b21] - 0x7f8068002970
@ /lib64/libc.so.6:[0x7f806e76e1c9] - 0x7f80680008c0
@ /lib64/libc.so.6:(__strdup+0x1a)[0x7f806e744b8a] + 0x7f80680008c0 0xf
@ /lib64/libc.so.6:[0x7f806e726c4d] + 0x7f8068002ce0 0x238
@ /lib64/libc.so.6:(fclose+0x177)[0x7f806e726247] - 0x7f8068002ce0
@ /lib64/libc.so.6:[0x7f806e76e1c9] - 0x7f80680008c0
@ /lib64/libc.so.6:(__strdup+0x1a)[0x7f806e744b8a] + 0x7f80680008c0 0xf
@ /lib64/libc.so.6:[0x7f806e726c4d] + 0x7f8068002ce0 0x238
@ /lib64/libc.so.6:(fclose+0x177)[0x7f806e726247] - 0x7f8068002ce0
@ /lib64/libc.so.6:[0x7f806e76e1c9] - 0x7f80680008c0
@ /lib64/libc.so.6:(__strdup+0x1a)[0x7f806e744b8a] + 0x7f80680008c0 0xf
@ /lib64/libc.so.6:[0x7f806e726c4d] + 0x7f8068002ce0 0x238
@ /lib64/libc.so.6:(fclose+0x177)[0x7f806e726247] - 0x7f8068002ce0
@ /lib64/libc.so.6:[0x7f806e76e1c9] - 0x7f80680008c0
@ /lib64/libc.so.6:(__strdup+0x1a)[0x7f806e744b8a] + 0x7f80680008c0 0xf
@ /lib64/libc.so.6:[0x7f806e726c4d] + 0x7f8068002ce0 0x238
@ /lib64/libc.so.6:(fclose+0x177)[0x7f806e726247] - 0x7f8068002ce0
@ /lib64/libc.so.6:[0x7f806e76e1c9] - 0x7f80680008c0
@ /lib64/libc.so.6:(__strdup+0x1a)[0x7f806e744b8a] + 0x7f80680008c0 0xf
@ /lib64/libc.so.6:[0x7f806e726c4d] + 0x7f8068002ce0 0x238
@ /lib64/libc.so.6:(fclose+0x177)[0x7f806e726247] - 0x7f8068002ce0
@ /lib64/libc.so.6:[0x7f806e76e1c9] - 0x7f80680008c0
@ /lib64/libc.so.6:(__strdup+0x1a)[0x7f806e744b8a] + 0x7f80680008c0 0xf
@ /lib64/libc.so.6:[0x7f806e726c4d] + 0x7f8068002ce0 0x238
@ /lib64/libc.so.6:(fclose+0x177)[0x7f806e726247] - 0x7f8068002ce0
@ /lib64/libc.so.6:[0x7f806e76e1c9] - 0x7f80680008c0
@ /lib64/libc.so.6:(__strdup+0x1a)[0x7f806e744b8a] + 0x7f80680008c0 0xf
@ /lib64/libc.so.6:[0x7f806e726c4d] + 0x7f8068002ce0 0x238
@ /lib64/libc.so.6:(fclose+0x177)[0x7f806e726247] - 0x7f8068002ce0
@ /lib64/libc.so.6:[0x7f806e76e1c9] - 0x7f80680008c0
@ /lib64/libc.so.6:(__strdup+0x1a)[0x7f806e744b8a] + 0x7f80680008c0 0xf
@ /lib64/libc.so.6:[0x7f806e726c4d] + 0x7f8068002ce0 0x238
@ /lib64/libc.so.6:(fclose+0x177)[0x7f806e726247] - 0x7f8068002ce0
@ /lib64/libc.so.6:[0x7f806e76e1c9] - 0x7f80680008c0
@ /lib64/libc.so.6:(__strdup+0x1a)[0x7f806e744b8a] + 0x7f80680008c0 0xf
@ /lib64/libc.so.6:[0x7f806e726c4d] + 0x7f8068002ce0 0x238
@ /lib64/libc.so.6:(fclose+0x177)[0x7f806e726247] - 0x7f8068002ce0
@ /lib64/libc.so.6:[0x7f806e76e1c9] - 0x7f80680008c0
@ /lib64/libc.so.6:(__strdup+0x1a)[0x7f806e744b8a] + 0x7f80680008c0 0xf
@ /lib64/libc.so.6:[0x7f806e726c4d] + 0x7f8068002ce0 0x238
@ /lib64/libc.so.6:(fclose+0x177)[0x7f806e726247] - 0x7f8068002ce0
@ /lib64/libc.so.6:[0x7f806e76e1c9] - 0x7f80680008c0
@ /lib64/libc.so.6:(__strdup+0x1a)[0x7f806e744b8a] + 0x7f80680008c0 0xf
@ /lib64/libc.so.6:[0x7f806e726c4d] + 0x7f8068002ce0 0x238
@ /lib64/libc.so.6:(fclose+0x177)[0x7f806e726247] - 0x7f8068002ce0
@ /lib64/libc.so.6:[0x7f806e76e1c9] - 0x7f80680008c0
@ /lib64/libc.so.6:(__strdup+0x1a)[0x7f806e744b8a] + 0x7f80680008c0 0xf
@ /lib64/libc.so.6:[0x7f806e726c4d] + 0x7f8068002ce0 0x238
@ /lib64/libc.so.6:(fclose+0x177)[0x7f806e726247] - 0x7f8068002ce0
@ ./bin/myapp:[0x41144f] + 0x7f8068002970 0x80
@ ./bin/myapp:[0x411463] + 0x7f8068002a00 0x80
@ ./bin/myapp:[0x411478] + 0x7f8068002a90 0xa
@ /lib64/libc.so.6:[0x7f806e76e1c9] - 0x7f80680008c0
@ /lib64/libc.so.6:(__strdup+0x1a)[0x7f806e744b8a] + 0x7f80680008c0 0xf
@ /lib64/libc.so.6:[0x7f806e726c4d] + 0x7f8068002ce0 0x238
@ /lib64/libc.so.6:(fclose+0x177)[0x7f806e726247] - 0x7f8068002ce0
@ /lib64/libc.so.6:[0x7f806e76e1c9] - 0x7f80680008c0
@ /lib64/libc.so.6:(__strdup+0x1a)[0x7f806e744b8a] + 0x7f80680008c0 0xf
@ /lib64/libc.so.6:[0x7f806e726c4d] + 0x7f8068002ce0 0x238
@ /lib64/libc.so.6:(fclose+0x177)[0x7f806e726247] - 0x7f8068002ce0
@ /lib64/libc.so.6:[0x7f806e76e1c9] - 0x7f80680008c0
@ /lib64/libc.so.6:(__strdup+0x1a)[0x7f806e744b8a] + 0x7f80680008c0 0xf
@ /lib64/libc.so.6:[0x7f806e726c4d] + 0x7f8068002ce0 0x238
@ /lib64/libc.so.6:(fclose+0x177)[0x7f806e726247] - 0x7f8068002ce0
@ /lib64/libc.so.6:[0x7f806e76e1c9] - 0x7f80680008c0
@ /lib64/libc.so.6:(__strdup+0x1a)[0x7f806e744b8a] + 0x7f80680008c0 0xf
@ /lib64/libc.so.6:[0x7f806e726c4d] + 0x7f8068002ce0 0x238
@ /lib64/libc.so.6:(fclose+0x177)[0x7f806e726247] - 0x7f8068002ce0
@ /lib64/libc.so.6:[0x7f806e76e1c9] - 0x7f80680008c0
@ /lib64/libc.so.6:(__strdup+0x1a)[0x7f806e744b8a] + 0x7f80680008c0 0xf
@ /lib64/libc.so.6:[0x7f806e726c4d] + 0x7f8068002ce0 0x238
@ /lib64/libc.so.6:(fclose+0x177)[0x7f806e726247] - 0x7f8068002ce0
@ ./bin/myapp:[0x412e27] + 0x7f8068002ce0 0x61
@ ./bin/myapp:[0x41292a] - 0x7f8068002910
@ ./bin/myapp:[0x41292a] - 0x7f8068002950
@ ./bin/myapp:[0x4128c4] - 0x7f8068002b30
@ ./bin/myapp:[0x4128c4] - 0x7f8068002930
@ ./bin/myapp:[0x4128c4] - 0x7f8068002b60
@ ./bin/myapp:[0x4128c4] - 0x7f8068002be0
@ ./bin/myapp:[0x4128c4] - 0x7f8068002c30
@ ./bin/myapp:[0x4128c4] - 0x7f8068002c50
@ ./bin/myapp:[0x4128c4] - 0x7f8068002c80
@ ./bin/myapp:[0x4128c4] - 0x7f8068002cb0
@ ./bin/myapp:[0x4128fe] - 0x7f8068002ae0
@ ./bin/myapp:[0x41292a] - 0x7f8068002a00
@ ./bin/myapp:[0x41292a] - 0x7f8068002970
@ ./bin/myapp:[0x41292a] - 0x7f8068002a90
@ /lib64/libc.so.6:[0x7f806e76e1c9] - 0x7f80680008c0
@ /lib64/libc.so.6:(__strdup+0x1a)[0x7f806e744b8a] + 0x7f80680008c0 0xf
@ /lib64/libc.so.6:[0x7f806e726c4d] + 0x7f8068002d50 0x238
@ /lib64/libc.so.6:(fclose+0x177)[0x7f806e726247] - 0x7f8068002d50
@ ./bin/myapp:[0x414a26] - 0x7f8068002ce0
@ ./bin/myapp:[0x414a32] - 0x7f80680008e0
@ /lib64/libc.so.6:[0x7f806e76e1c9] - 0x7f80680008c0
@ /lib64/libc.so.6:(__strdup+0x1a)[0x7f806e744b8a] + 0x7f80680008c0 0xf
@ /lib64/libc.so.6:[0x7f806e726c4d] + 0x7f8068002910 0x238
@ /lib64/libc.so.6:(fclose+0x177)[0x7f806e726247] - 0x7f8068002910
@ /lib64/libc.so.6:[0x7f806e76e1c9] - 0x7f80680008c0
@ /lib64/libc.so.6:(__strdup+0x1a)[0x7f806e744b8a] + 0xdf55c0 0xf
@ /lib64/libc.so.6:[0x7f806e726c4d] + 0xdf5bd0 0x238
@ /lib64/libc.so.6:(fclose+0x177)[0x7f806e726247] - 0xdf5bd0
@ ./bin/myapp:[0x414e8c] + 0xdf5640 0x4
@ /lib64/libc.so.6:[0x7f806e76e1c9] - 0xdf55c0
@ /lib64/libc.so.6:(__strdup+0x1a)[0x7f806e744b8a] + 0x7f80680008c0 0xf
@ /lib64/libc.so.6:[0x7f806e726c4d] + 0x7f8068002910 0x238
@ /lib64/libc.so.6:(fclose+0x177)[0x7f806e726247] - 0x7f8068002910
@ ./bin/myapp:[0x4148e8] - 0xdf5640
@ ./bin/myapp:[0x4148f2] + 0x7f80680008e0 0x2000
@ /lib64/libc.so.6:[0x7f806e76e1c9] - 0x7f80680008c0
@ /lib64/libc.so.6:(__strdup+0x1a)[0x7f806e744b8a] + 0x7f80680008c0 0xf
@ /lib64/libc.so.6:[0x7f806e726c4d] + 0x7f8068002910 0x238
@ /lib64/libc.so.6:(fclose+0x177)[0x7f806e726247] - 0x7f8068002910
@ ./bin/myapp:[0x4134eb] + 0x7f8068002910 0x4
@ ./bin/myapp:[0x41361e] + 0x7f8068002930 0x16
@ ./bin/myapp:[0x4136be] + 0x7f8068002950 0x16
@ ./bin/myapp:[0x41372f] - 0x7f8068002930
@ ./bin/myapp:[0x413816] + 0x7f8068002930 0x15
@ ./bin/myapp:[0x413962] - 0x7f8068002930
@ ./bin/myapp:[0x413a73] + 0x7f8068002970 0x15f
@ ./bin/myapp:[0x411f94] + 0x7f8068002ae0 0x48
@ ./bin/myapp:[0x412042] + 0x7f8068002b30 0x19
@ ./bin/myapp:[0x41213a] + 0x7f8068002930 0x17
@ ./bin/myapp:[0x41213a] + 0x7f8068002b60 0x77
@ ./bin/myapp:[0x41213a] + 0x7f8068002be0 0x39
@ ./bin/myapp:[0x41213a] + 0x7f8068002c30 0x12
@ ./bin/myapp:[0x41213a] + 0x7f8068002c50 0x24
@ ./bin/myapp:[0x41213a] + 0x7f8068002c80 0x1f
@ ./bin/myapp:[0x41213a] + 0x7f8068002cb0 0x20
@ ./bin/myapp:[0x413b21] - 0x7f8068002970
@ /lib64/libc.so.6:[0x7f806e76e1c9] - 0x7f80680008c0
@ /lib64/libc.so.6:(__strdup+0x1a)[0x7f806e744b8a] + 0x7f80680008c0 0xf
@ /lib64/libc.so.6:[0x7f806e726c4d] + 0x7f8068002ce0 0x238
@ /lib64/libc.so.6:[0x7f806e76e1c9] - 0x7f80680008c0
@ /lib64/libc.so.6:(__strdup+0x1a)[0x7f806e744b8a] + 0xdf5640 0xf
@ /lib64/libc.so.6:(fclose+0x177)[0x7f806e726247] - 0x7f8068002ce0
@ /lib64/libc.so.6:[0x7f806e76e1c9] - 0xdf5640
@ /lib64/libc.so.6:(__strdup+0x1a)[0x7f806e744b8a] + 0x7f80680008c0 0xf
@ /lib64/libc.so.6:[0x7f806e726c4d] + 0xdf5bd0 0x238
@ /lib64/libc.so.6:[0x7f806e726c4d] + 0x7f8068002ce0 0x238
@ /lib64/libc.so.6:(fclose+0x177)[0x7f806e726247] - 0xdf5bd0
@ /lib64/libc.so.6:(fclose+0x177)[0x7f806e726247] - 0x7f8068002ce0
@ /lib64/libc.so.6:[0x7f806e76e1c9] - 0x7f80680008c0
@ /lib64/libc.so.6:(__strdup+0x1a)[0x7f806e744b8a] + 0x7f80680008c0 0xf
@ ./bin/myapp:[0x414e8c] + 0xdf55c0 0x4
@ /lib64/libc.so.6:[0x7f806e726c4d] + 0x7f8068002ce0 0x238
@ /lib64/ld-linux-x86-64.so.2:(_dl_allocate_tls+0x25)[0x7f806f7ea785] + 0xdf5bd0 0x240
@ /lib64/libc.so.6:(fclose+0x177)[0x7f806e726247] - 0x7f8068002ce0
@ /lib64/libc.so.6:[0x7f806e76e1c9] - 0x7f80680008c0
@ /lib64/libc.so.6:(__strdup+0x1a)[0x7f806e744b8a] + 0x7f80680008c0 0xf
@ /lib64/libc.so.6:[0x7f806e726c4d] + 0x7f8068002ce0 0x238
@ /lib64/libc.so.6:(fclose+0x177)[0x7f806e726247] - 0x7f8068002ce0
@ /lib64/libc.so.6:[0x7f806e76e1c9] - 0x7f80680008c0
@ /lib64/libc.so.6:(__strdup+0x1a)[0x7f806e744b8a] + 0x7f80680008c0 0xf
@ /lib64/libc.so.6:[0x7f806e726c4d] + 0x7f8068002ce0 0x238
@ /lib64/libc.so.6:(fclose+0x177)[0x7f806e726247] - 0x7f8068002ce0
@ /lib64/libc.so.6:[0x7f806e76e1c9] - 0x7f80680008c0
@ /lib64/libc.so.6:(__strdup+0x1a)[0x7f806e744b8a] + 0x7f80680008c0 0xf
@ /lib64/libc.so.6:[0x7f806e726c4d] + 0x7f8068002ce0 0x238
@ /lib64/libc.so.6:(fclose+0x177)[0x7f806e726247] - 0x7f8068002ce0
@ /lib64/libc.so.6:[0x7f806e76e1c9] - 0x7f80680008c0
@ /lib64/libc.so.6:(__strdup+0x1a)[0x7f806e744b8a] + 0x7f80680008c0 0xf
@ /lib64/libc.so.6:[0x7f806e726c4d] + 0x7f8068002ce0 0x238
@ /lib64/libc.so.6:(fclose+0x177)[0x7f806e726247] - 0x7f8068002ce0
@ /lib64/libc.so.6:[0x7f806e76e1c9] - 0x7f80680008c0
@ /lib64/libc.so.6:(__strdup+0x1a)[0x7f806e744b8a] + 0x7f80680008c0 0xf
@ /lib64/libc.so.6:[0x7f806e726c4d] + 0x7f8068002ce0 0x238
@ /lib64/libc.so.6:(fclose+0x177)[0x7f806e726247] - 0x7f8068002ce0
@ /lib64/libc.so.6:[0x7f806e76e1c9] - 0x7f80680008c0
@ /lib64/libc.so.6:(__strdup+0x1a)[0x7f806e744b8a] + 0xdf5640 0xf
@ /lib64/libc.so.6:[0x7f806e726c4d] + 0xdf5e20 0x238
@ /lib64/libc.so.6:[0x7f806e76e1c9] - 0xdf5640
@ /lib64/libc.so.6:(__strdup+0x1a)[0x7f806e744b8a] + 0x7f80680008c0 0xf
@ /lib64/libc.so.6:(fclose+0x177)[0x7f806e726247] - 0xdf5e20
@ /lib64/libc.so.6:[0x7f806e726c4d] + 0x7f8068002ce0 0x238
@ /lib64/libc.so.6:[0x7f806e76e1c9] - 0x7f80680008c0
@ /lib64/libc.so.6:(__strdup+0x1a)[0x7f806e744b8a] + 0x7f80600008c0 0xf
@ /lib64/libc.so.6:(fclose+0x177)[0x7f806e726247] - 0x7f8068002ce0
@ /lib64/libc.so.6:[0x7f806e76e1c9] - 0x7f80600008c0
@ /lib64/libc.so.6:(__strdup+0x1a)[0x7f806e744b8a] + 0x7f80680008c0 0xf
@ /lib64/libc.so.6:[0x7f806e726c4d] + 0x7f8068002ce0 0x238
@ /lib64/libc.so.6:(fclose+0x177)[0x7f806e726247] - 0x7f8068002ce0
@ /lib64/libc.so.6:[0x7f806e76e1c9] - 0x7f80680008c0
@ /lib64/libc.so.6:(__strdup+0x1a)[0x7f806e744b8a] + 0x7f80680008c0 0xf
@ /lib64/libc.so.6:[0x7f806e726c4d] + 0x7f8068002ce0 0x238
@ /lib64/libc.so.6:(fclose+0x177)[0x7f806e726247] - 0x7f8068002ce0
@ /lib64/libc.so.6:[0x7f806e76e1c9] - 0x7f80680008c0
@ /lib64/libc.so.6:(__strdup+0x1a)[0x7f806e744b8a] + 0x7f80680008c0 0xf
@ /lib64/libc.so.6:[0x7f806e726c4d] + 0x7f8068002ce0 0x238
@ /lib64/libc.so.6:(fclose+0x177)[0x7f806e726247] - 0x7f8068002ce0
@ ./bin/myapp:[0x41144f] + 0x7f8068002970 0x80
@ ./bin/myapp:[0x411463] + 0x7f8068002a00 0x80
@ ./bin/myapp:[0x411478] + 0x7f8068002a90 0xa
@ /lib64/libc.so.6:[0x7f806e76e1c9] - 0x7f80680008c0
@ /lib64/libc.so.6:(__strdup+0x1a)[0x7f806e744b8a] + 0x7f80680008c0 0xf
@ /lib64/libc.so.6:[0x7f806e726c4d] + 0x7f8068002ce0 0x238
@ /lib64/libc.so.6:(fclose+0x177)[0x7f806e726247] - 0x7f8068002ce0
@ /lib64/libc.so.6:[0x7f806e76e1c9] - 0x7f80680008c0
@ /lib64/libc.so.6:(__strdup+0x1a)[0x7f806e744b8a] + 0x7f80680008c0 0xf
@ /lib64/libc.so.6:[0x7f806e726c4d] + 0x7f8068002ce0 0x238
@ /lib64/libc.so.6:(fclose+0x177)[0x7f806e726247] - 0x7f8068002ce0
@ /lib64/libc.so.6:[0x7f806e76e1c9] - 0x7f80680008c0
@ /lib64/libc.so.6:(__strdup+0x1a)[0x7f806e744b8a] + 0x7f80680008c0 0xf
@ /lib64/libc.so.6:[0x7f806e726c4d] + 0x7f8068002ce0 0x238
@ /lib64/libc.so.6:(fclose+0x177)[0x7f806e726247] - 0x7f8068002ce0
@ /lib64/libc.so.6:[0x7f806e76e1c9] - 0x7f80680008c0
@ /lib64/libc.so.6:(__strdup+0x1a)[0x7f806e744b8a] + 0x7f80680008c0 0xf
@ /lib64/libc.so.6:[0x7f806e726c4d] + 0x7f8068002ce0 0x238
@ /lib64/libc.so.6:(fclose+0x177)[0x7f806e726247] - 0x7f8068002ce0
@ /lib64/libc.so.6:[0x7f806e76e1c9] - 0x7f80680008c0
@ /lib64/libc.so.6:(__strdup+0x1a)[0x7f806e744b8a] + 0x7f80680008c0 0xf
@ /lib64/libc.so.6:[0x7f806e726c4d] + 0x7f8068002ce0 0x238
@ /lib64/libc.so.6:(fclose+0x177)[0x7f806e726247] - 0x7f8068002ce0
@ ./bin/myapp:[0x412e27] + 0x7f8068002ce0 0x61
@ ./bin/myapp:[0x41292a] - 0x7f8068002910
@ ./bin/myapp:[0x41292a] - 0x7f8068002950
@ ./bin/myapp:[0x4128c4] - 0x7f8068002b30
@ ./bin/myapp:[0x4128c4] - 0x7f8068002930
@ ./bin/myapp:[0x4128c4] - 0x7f8068002b60
@ ./bin/myapp:[0x4128c4] - 0x7f8068002be0
@ ./bin/myapp:[0x4128c4] - 0x7f8068002c30
@ ./bin/myapp:[0x4128c4] - 0x7f8068002c50
@ ./bin/myapp:[0x4128c4] - 0x7f8068002c80
@ ./bin/myapp:[0x4128c4] - 0x7f8068002cb0
@ ./bin/myapp:[0x4128fe] - 0x7f8068002ae0
@ ./bin/myapp:[0x41292a] - 0x7f8068002a00
@ ./bin/myapp:[0x41292a] - 0x7f8068002970
@ ./bin/myapp:[0x41292a] - 0x7f8068002a90
@ /lib64/libc.so.6:[0x7f806e76e1c9] - 0x7f80680008c0
@ /lib64/libc.so.6:(__strdup+0x1a)[0x7f806e744b8a] + 0x7f80680008c0 0xf
@ /lib64/libc.so.6:[0x7f806e726c4d] + 0x7f8068002d50 0x238
@ /lib64/libc.so.6:(fclose+0x177)[0x7f806e726247] - 0x7f8068002d50
@ ./bin/myapp:[0x414a26] - 0x7f8068002ce0
@ ./bin/myapp:[0x414a32] - 0x7f80680008e0
@ /lib64/libc.so.6:[0x7f806e76e1c9] - 0x7f80680008c0
@ /lib64/libc.so.6:(__strdup+0x1a)[0x7f806e744b8a] + 0x7f80680008c0 0xf
@ /lib64/libc.so.6:[0x7f806e726c4d] + 0x7f8068002910 0x238
@ /lib64/libc.so.6:(fclose+0x177)[0x7f806e726247] - 0x7f8068002910
@ ./bin/myapp:[0x414e8c] + 0xdf5640 0x4
@ /lib64/libc.so.6:[0x7f806e726c4d] + 0x7f80600008e0 0x238
@ /lib64/libc.so.6:[0x7f806e76e1c9] - 0x7f80680008c0
@ /lib64/libc.so.6:(__strdup+0x1a)[0x7f806e744b8a] + 0x7f80680008c0 0xf
@ /lib64/libc.so.6:(fclose+0x177)[0x7f806e726247] - 0x7f80600008e0
@ /lib64/libc.so.6:[0x7f806e726c4d] + 0x7f8068002910 0x238
@ ./bin/myapp:[0x4148e8] - 0xdf55c0
@ ./bin/myapp:[0x4148f2] + 0x7f80600008c0 0x2000
@ /lib64/libc.so.6:[0x7f806e76e1c9] - 0x7f80680008c0
@ /lib64/libc.so.6:(__strdup+0x1a)[0x7f806e744b8a] + 0x7f80600028d0 0xf
@ /lib64/libc.so.6:(fclose+0x177)[0x7f806e726247] - 0x7f8068002910
@ ./bin/myapp:[0x4148e8] - 0xdf5640
@ ./bin/myapp:[0x4148f2] + 0x7f80680008c0 0x2000
@ /lib64/libc.so.6:[0x7f806e76e1c9] - 0x7f80600028d0
@ /lib64/libc.so.6:(__strdup+0x1a)[0x7f806e744b8a] + 0x7f80680028d0 0xf
@ /lib64/libc.so.6:[0x7f806e726c4d] + 0x7f8068002910 0x238
@ /lib64/libc.so.6:(fclose+0x177)[0x7f806e726247] - 0x7f8068002910
@ ./bin/myapp:[0x4134eb] + 0x7f8068002910 0x4
@ ./bin/myapp:[0x41361e] + 0x7f8068002930 0x11
@ ./bin/myapp:[0x4136be] + 0x7f8068002950 0x11
@ ./bin/myapp:[0x41372f] - 0x7f8068002930
@ ./bin/myapp:[0x413816] + 0x7f8068002930 0x10
@ ./bin/myapp:[0x413962] - 0x7f8068002930
@ ./bin/myapp:[0x413a73] + 0x7f8068002970 0x15f
@ ./bin/myapp:[0x411f94] + 0x7f8068002ae0 0x48
@ ./bin/myapp:[0x412042] + 0x7f8068002b30 0x19
@ ./bin/myapp:[0x41213a] + 0x7f8068002930 0x17
@ ./bin/myapp:[0x41213a] + 0x7f8068002b60 0x77
@ ./bin/myapp:[0x41213a] + 0x7f8068002be0 0x39
@ ./bin/myapp:[0x41213a] + 0x7f8068002c30 0x12
@ ./bin/myapp:[0x41213a] + 0x7f8068002c50 0x24
@ ./bin/myapp:[0x41213a] + 0x7f8068002c80 0x1f
@ ./bin/myapp:[0x41213a] + 0x7f8068002cb0 0x20
@ ./bin/myapp:[0x413b21] - 0x7f8068002970
@ /lib64/libc.so.6:[0x7f806e76e1c9] - 0x7f80680028d0
@ /lib64/libc.so.6:(__strdup+0x1a)[0x7f806e744b8a] + 0x7f80680028d0 0xf
@ /lib64/libc.so.6:[0x7f806e726c4d] + 0x7f8068002ce0 0x238
@ /lib64/libc.so.6:(fclose+0x177)[0x7f806e726247] - 0x7f8068002ce0
@ /lib64/libc.so.6:[0x7f806e76e1c9] - 0x7f80680028d0
@ /lib64/libc.so.6:(__strdup+0x1a)[0x7f806e744b8a] + 0x7f80680028d0 0xf
@ /lib64/libc.so.6:[0x7f806e726c4d] + 0x7f8068002ce0 0x238
@ /lib64/libc.so.6:(fclose+0x177)[0x7f806e726247] - 0x7f8068002ce0
@ /lib64/libc.so.6:[0x7f806e76e1c9] - 0x7f80680028d0
@ /lib64/libc.so.6:(__strdup+0x1a)[0x7f806e744b8a] + 0x7f80680028d0 0xf
@ /lib64/libc.so.6:[0x7f806e726c4d] + 0x7f8068002ce0 0x238
@ /lib64/libc.so.6:(fclose+0x177)[0x7f806e726247] - 0x7f8068002ce0
@ /lib64/libc.so.6:[0x7f806e76e1c9] - 0x7f80680028d0
@ /lib64/libc.so.6:(__strdup+0x1a)[0x7f806e744b8a] + 0x7f80680028d0 0xf
@ /lib64/libc.so.6:[0x7f806e726c4d] + 0x7f8068002ce0 0x238
@ /lib64/libc.so.6:(fclose+0x177)[0x7f806e726247] - 0x7f8068002ce0
@ /lib64/libc.so.6:[0x7f806e76e1c9] - 0x7f80680028d0
@ /lib64/libc.so.6:(__strdup+0x1a)[0x7f806e744b8a] + 0x7f80680028d0 0xf
@ /lib64/libc.so.6:[0x7f806e726c4d] + 0x7f8068002ce0 0x238
@ /lib64/libc.so.6:(fclose+0x177)[0x7f806e726247] - 0x7f8068002ce0
@ /lib64/libc.so.6:[0x7f806e76e1c9] - 0x7f80680028d0
@ /lib64/libc.so.6:(__strdup+0x1a)[0x7f806e744b8a] + 0x7f80680028d0 0xf
@ /lib64/libc.so.6:[0x7f806e726c4d] + 0x7f8068002ce0 0x238
@ /lib64/libc.so.6:(fclose+0x177)[0x7f806e726247] - 0x7f8068002ce0
@ /lib64/libc.so.6:[0x7f806e76e1c9] - 0x7f80680028d0
@ /lib64/libc.so.6:(__strdup+0x1a)[0x7f806e744b8a] + 0x7f80680028d0 0xf
@ /lib64/libc.so.6:[0x7f806e726c4d] + 0x7f8068002ce0 0x238
@ /lib64/libc.so.6:(fclose+0x177)[0x7f806e726247] - 0x7f8068002ce0
@ /lib64/libc.so.6:[0x7f806e76e1c9] - 0x7f80680028d0
@ /lib64/libc.so.6:(__strdup+0x1a)[0x7f806e744b8a] + 0x7f80680028d0 0xf
@ /lib64/libc.so.6:[0x7f806e726c4d] + 0x7f80600028f0 0x238
@ /lib64/libc.so.6:[0x7f806e726c4d] + 0x7f8068002ce0 0x238
@ /lib64/libc.so.6:(fclose+0x177)[0x7f806e726247] - 0x7f80600028f0
@ /lib64/libc.so.6:(fclose+0x177)[0x7f806e726247] - 0x7f8068002ce0
@ /lib64/libc.so.6:[0x7f806e76e1c9] - 0x7f80680028d0
@ /lib64/libc.so.6:(__strdup+0x1a)[0x7f806e744b8a] + 0x7f80680028d0 0xf
@ /lib64/libc.so.6:[0x7f806e726c4d] + 0x7f8068002ce0 0x238
@ /lib64/libc.so.6:(fclose+0x177)[0x7f806e726247] - 0x7f8068002ce0
@ /lib64/libc.so.6:[0x7f806e76e1c9] - 0x7f80680028d0
@ /lib64/libc.so.6:(__strdup+0x1a)[0x7f806e744b8a] + 0x7f80680028d0 0xf
@ /lib64/libc.so.6:[0x7f806e726c4d] + 0x7f8068002ce0 0x238
@ /lib64/libc.so.6:(fclose+0x177)[0x7f806e726247] - 0x7f8068002ce0
@ /lib64/libc.so.6:[0x7f806e76e1c9] - 0x7f80680028d0
@ /lib64/libc.so.6:(__strdup+0x1a)[0x7f806e744b8a] + 0x7f80680028d0 0xf
@ /lib64/libc.so.6:[0x7f806e726c4d] + 0x7f8068002ce0 0x238
@ /lib64/libc.so.6:(fclose+0x177)[0x7f806e726247] - 0x7f8068002ce0
@ /lib64/libc.so.6:[0x7f806e76e1c9] - 0x7f80680028d0
@ /lib64/libc.so.6:(__strdup+0x1a)[0x7f806e744b8a] + 0x7f80680028d0 0xf
@ /lib64/libc.so.6:[0x7f806e726c4d] + 0x7f8068002ce0 0x238
@ /lib64/libc.so.6:(fclose+0x177)[0x7f806e726247] - 0x7f8068002ce0
@ ./bin/myapp:[0x41144f] + 0x7f8068002970 0x80
@ ./bin/myapp:[0x411463] + 0x7f8068002a00 0x80
@ ./bin/myapp:[0x411478] + 0x7f8068002a90 0xa
@ /lib64/libc.so.6:[0x7f806e76e1c9] - 0x7f80680028d0
@ /lib64/libc.so.6:(__strdup+0x1a)[0x7f806e744b8a] + 0x7f80680028d0 0xf
@ /lib64/libc.so.6:[0x7f806e726c4d] + 0x7f8068002ce0 0x238
@ /lib64/libc.so.6:(fclose+0x177)[0x7f806e726247] - 0x7f8068002ce0
@ /lib64/libc.so.6:[0x7f806e76e1c9] - 0x7f80680028d0
@ /lib64/libc.so.6:(__strdup+0x1a)[0x7f806e744b8a] + 0x7f80680028d0 0xf
@ /lib64/libc.so.6:[0x7f806e726c4d] + 0x7f8068002ce0 0x238
@ /lib64/libc.so.6:(fclose+0x177)[0x7f806e726247] - 0x7f8068002ce0
@ /lib64/libc.so.6:[0x7f806e76e1c9] - 0x7f80680028d0
@ /lib64/libc.so.6:(__strdup+0x1a)[0x7f806e744b8a] + 0x7f80680028d0 0xf
@ /lib64/libc.so.6:[0x7f806e726c4d] + 0x7f8068002ce0 0x238
@ /lib64/libc.so.6:(fclose+0x177)[0x7f806e726247] - 0x7f8068002ce0
@ /lib64/libc.so.6:[0x7f806e76e1c9] - 0x7f80680028d0
@ /lib64/libc.so.6:(__strdup+0x1a)[0x7f806e744b8a] + 0x7f80680028d0 0xf
@ /lib64/libc.so.6:[0x7f806e726c4d] + 0x7f8068002ce0 0x238
@ /lib64/libc.so.6:(fclose+0x177)[0x7f806e726247] - 0x7f8068002ce0
@ /lib64/libc.so.6:[0x7f806e76e1c9] - 0x7f80680028d0
@ /lib64/libc.so.6:(__strdup+0x1a)[0x7f806e744b8a] + 0x7f80680028d0 0xf
@ /lib64/libc.so.6:[0x7f806e726c4d] + 0x7f8068002ce0 0x238
@ /lib64/libc.so.6:(fclose+0x177)[0x7f806e726247] - 0x7f8068002ce0
@ ./bin/myapp:[0x412e27] + 0x7f8068002ce0 0x61
@ ./bin/myapp:[0x41292a] - 0x7f8068002910
@ ./bin/myapp:[0x41292a] - 0x7f8068002950
@ ./bin/myapp:[0x4128c4] - 0x7f8068002b30
@ ./bin/myapp:[0x4128c4] - 0x7f8068002930
@ ./bin/myapp:[0x4128c4] - 0x7f8068002b60
@ ./bin/myapp:[0x4128c4] - 0x7f8068002be0
@ ./bin/myapp:[0x4128c4] - 0x7f8068002c30
@ ./bin/myapp:[0x4128c4] - 0x7f8068002c50
@ ./bin/myapp:[0x4128c4] - 0x7f8068002c80
@ ./bin/myapp:[0x4128c4] - 0x7f8068002cb0
@ ./bin/myapp:[0x4128fe] - 0x7f8068002ae0
@ ./bin/myapp:[0x41292a] - 0x7f8068002a00
@ ./bin/myapp:[0x41292a] - 0x7f8068002970
@ ./bin/myapp:[0x41292a] - 0x7f8068002a90
@ /lib64/libc.so.6:[0x7f806e76e1c9] - 0x7f80680028d0
@ /lib64/libc.so.6:(__strdup+0x1a)[0x7f806e744b8a] + 0x7f80680028d0 0xf
@ /lib64/libc.so.6:[0x7f806e726c4d] + 0x7f8068002d50 0x238
@ /lib64/libc.so.6:(fclose+0x177)[0x7f806e726247] - 0x7f8068002d50
@ ./bin/myapp:[0x414a26] - 0x7f8068002ce0
@ ./bin/myapp:[0x414a32] - 0x7f80680008c0
@ /lib64/libc.so.6:[0x7f806e76e1c9] - 0x7f80680028d0
@ /lib64/libc.so.6:(__strdup+0x1a)[0x7f806e744b8a] + 0x7f80680028d0 0xf
@ /lib64/libc.so.6:[0x7f806e726c4d] + 0x7f8068002910 0x238
@ /lib64/libc.so.6:(fclose+0x177)[0x7f806e726247] - 0x7f8068002910
@ ./bin/myapp:[0x4134eb] + 0x7f80600028d0 0x4
@ ./bin/myapp:[0x41361e] + 0x7f80600028f0 0x11
@ ./bin/myapp:[0x4136be] + 0x7f8060002910 0x11
@ ./bin/myapp:[0x41372f] - 0x7f80600028f0
@ ./bin/myapp:[0x413816] + 0x7f80600028f0 0x10
@ ./bin/myapp:[0x413962] - 0x7f80600028f0
@ ./bin/myapp:[0x413a73] + 0x7f8060002930 0x15f
@ ./bin/myapp:[0x411f94] + 0x7f8060002aa0 0x48
@ ./bin/myapp:[0x412042] + 0x7f8060002af0 0x19
@ ./bin/myapp:[0x41213a] + 0x7f80600028f0 0x17
@ ./bin/myapp:[0x41213a] + 0x7f8060002b20 0x77
@ ./bin/myapp:[0x41213a] + 0x7f8060002ba0 0x39
@ ./bin/myapp:[0x41213a] + 0x7f8060002bf0 0x12
@ ./bin/myapp:[0x41213a] + 0x7f8060002c10 0x24
@ ./bin/myapp:[0x41213a] + 0x7f8060002c40 0x1f
@ ./bin/myapp:[0x41213a] + 0x7f8060002c70 0x20
@ ./bin/myapp:[0x413b21] - 0x7f8060002930
@ /lib64/libc.so.6:[0x7f806e76e1c9] - 0x7f80680028d0
@ /lib64/libc.so.6:(__strdup+0x1a)[0x7f806e744b8a] + 0x7f8060002930 0xf
@ /lib64/libc.so.6:[0x7f806e726c4d] + 0x7f8060002ca0 0x238
@ /lib64/libc.so.6:(fclose+0x177)[0x7f806e726247] - 0x7f8060002ca0
@ /lib64/libc.so.6:[0x7f806e76e1c9] - 0x7f8060002930
@ /lib64/libc.so.6:(__strdup+0x1a)[0x7f806e744b8a] + 0x7f8060002930 0xf
@ /lib64/libc.so.6:[0x7f806e726c4d] + 0x7f8060002ca0 0x238
@ /lib64/libc.so.6:(fclose+0x177)[0x7f806e726247] - 0x7f8060002ca0
@ /lib64/libc.so.6:[0x7f806e76e1c9] - 0x7f8060002930
@ /lib64/libc.so.6:(__strdup+0x1a)[0x7f806e744b8a] + 0x7f8060002930 0xf
@ /lib64/libc.so.6:[0x7f806e726c4d] + 0x7f8060002ca0 0x238
@ /lib64/libc.so.6:(fclose+0x177)[0x7f806e726247] - 0x7f8060002ca0
@ /lib64/libc.so.6:[0x7f806e76e1c9] - 0x7f8060002930
@ /lib64/libc.so.6:(__strdup+0x1a)[0x7f806e744b8a] + 0x7f8060002930 0xf
@ /lib64/libc.so.6:[0x7f806e726c4d] + 0x7f8060002ca0 0x238
@ /lib64/libc.so.6:(fclose+0x177)[0x7f806e726247] - 0x7f8060002ca0
@ /lib64/libc.so.6:[0x7f806e76e1c9] - 0x7f8060002930
@ /lib64/libc.so.6:(__strdup+0x1a)[0x7f806e744b8a] + 0x7f8060002930 0xf
@ /lib64/libc.so.6:[0x7f806e726c4d] + 0x7f8060002ca0 0x238
@ /lib64/libc.so.6:(fclose+0x177)[0x7f806e726247] - 0x7f8060002ca0
@ /lib64/libc.so.6:[0x7f806e76e1c9] - 0x7f8060002930
@ /lib64/libc.so.6:(__strdup+0x1a)[0x7f806e744b8a] + 0x7f8060002930 0xf
@ /lib64/libc.so.6:[0x7f806e726c4d] + 0x7f8060002ca0 0x238
@ /lib64/libc.so.6:(fclose+0x177)[0x7f806e726247] - 0x7f8060002ca0
@ /lib64/libc.so.6:[0x7f806e76e1c9] - 0x7f8060002930
@ /lib64/libc.so.6:(__strdup+0x1a)[0x7f806e744b8a] + 0x7f8060002930 0xf
@ /lib64/libc.so.6:[0x7f806e726c4d] + 0x7f8060002ca0 0x238
@ /lib64/libc.so.6:(fclose+0x177)[0x7f806e726247] - 0x7f8060002ca0
@ /lib64/libc.so.6:[0x7f806e76e1c9] - 0x7f8060002930
@ /lib64/libc.so.6:(__strdup+0x1a)[0x7f806e744b8a] + 0x7f8060002930 0xf
@ /lib64/libc.so.6:[0x7f806e726c4d] + 0x7f8060002ca0 0x238
@ /lib64/libc.so.6:(fclose+0x177)[0x7f806e726247] - 0x7f8060002ca0
@ /lib64/libc.so.6:[0x7f806e76e1c9] - 0x7f8060002930
@ /lib64/libc.so.6:(__strdup+0x1a)[0x7f806e744b8a] + 0x7f8060002930 0xf
@ /lib64/libc.so.6:[0x7f806e726c4d] + 0x7f8060002ca0 0x238
@ /lib64/libc.so.6:(fclose+0x177)[0x7f806e726247] - 0x7f8060002ca0
@ /lib64/libc.so.6:[0x7f806e76e1c9] - 0x7f8060002930
@ /lib64/libc.so.6:(__strdup+0x1a)[0x7f806e744b8a] + 0x7f8060002930 0xf
@ /lib64/libc.so.6:[0x7f806e726c4d] + 0x7f8060002ca0 0x238
@ /lib64/libc.so.6:(fclose+0x177)[0x7f806e726247] - 0x7f8060002ca0
@ /lib64/libc.so.6:[0x7f806e76e1c9] - 0x7f8060002930
@ /lib64/libc.so.6:(__strdup+0x1a)[0x7f806e744b8a] + 0x7f8060002930 0xf
@ /lib64/libc.so.6:[0x7f806e726c4d] + 0x7f8060002ca0 0x238
@ /lib64/libc.so.6:(fclose+0x177)[0x7f806e726247] - 0x7f8060002ca0
@ /lib64/libc.so.6:[0x7f806e76e1c9] - 0x7f8060002930
@ /lib64/libc.so.6:(__strdup+0x1a)[0x7f806e744b8a] + 0x7f8060002930 0xf
@ /lib64/libc.so.6:[0x7f806e726c4d] + 0x7f8060002ca0 0x238
@ /lib64/libc.so.6:(fclose+0x177)[0x7f806e726247] - 0x7f8060002ca0
@ ./bin/myapp:[0x41144f] + 0x7f8060002950 0x80
@ ./bin/myapp:[0x411463] + 0x7f80600029e0 0x80
@ ./bin/myapp:[0x411478] + 0x7f8060002a70 0xa
@ /lib64/libc.so.6:[0x7f806e76e1c9] - 0x7f8060002930
@ /lib64/libc.so.6:(__strdup+0x1a)[0x7f806e744b8a] + 0x7f8060002930 0xf
@ /lib64/libc.so.6:[0x7f806e726c4d] + 0x7f8060002ca0 0x238
@ /lib64/libc.so.6:(fclose+0x177)[0x7f806e726247] - 0x7f8060002ca0
@ /lib64/libc.so.6:[0x7f806e76e1c9] - 0x7f8060002930
@ /lib64/libc.so.6:(__strdup+0x1a)[0x7f806e744b8a] + 0x7f8060002930 0xf
@ /lib64/libc.so.6:[0x7f806e726c4d] + 0x7f8060002ca0 0x238
@ /lib64/libc.so.6:(fclose+0x177)[0x7f806e726247] - 0x7f8060002ca0
@ /lib64/libc.so.6:[0x7f806e76e1c9] - 0x7f8060002930
@ /lib64/libc.so.6:(__strdup+0x1a)[0x7f806e744b8a] + 0x7f8060002930 0xf
@ /lib64/libc.so.6:[0x7f806e726c4d] + 0x7f8060002ca0 0x238
@ /lib64/libc.so.6:(fclose+0x177)[0x7f806e726247] - 0x7f8060002ca0
@ /lib64/libc.so.6:[0x7f806e76e1c9] - 0x7f8060002930
@ /lib64/libc.so.6:(__strdup+0x1a)[0x7f806e744b8a] + 0x7f8060002930 0xf
@ /lib64/libc.so.6:[0x7f806e726c4d] + 0x7f8060002ca0 0x238
@ /lib64/libc.so.6:(fclose+0x177)[0x7f806e726247] - 0x7f8060002ca0
@ /lib64/libc.so.6:[0x7f806e76e1c9] - 0x7f8060002930
@ /lib64/libc.so.6:(__strdup+0x1a)[0x7f806e744b8a] + 0x7f8060002930 0xf
@ /lib64/libc.so.6:[0x7f806e726c4d] + 0x7f8060002ca0 0x238
@ /lib64/libc.so.6:(fclose+0x177)[0x7f806e726247] - 0x7f8060002ca0
@ ./bin/myapp:[0x412e27] + 0x7f8060002ca0 0x61
@ ./bin/myapp:[0x41292a] - 0x7f80600028d0
@ ./bin/myapp:[0x41292a] - 0x7f8060002910
@ ./bin/myapp:[0x4128c4] - 0x7f8060002af0
@ ./bin/myapp:[0x4128c4] - 0x7f80600028f0
@ ./bin/myapp:[0x4128c4] - 0x7f8060002b20
@ ./bin/myapp:[0x4128c4] - 0x7f8060002ba0
@ ./bin/myapp:[0x4128c4] - 0x7f8060002bf0
@ ./bin/myapp:[0x4128c4] - 0x7f8060002c10
@ ./bin/myapp:[0x4128c4] - 0x7f8060002c40
@ ./bin/myapp:[0x4128c4] - 0x7f8060002c70
@ ./bin/myapp:[0x4128fe] - 0x7f8060002aa0
@ ./bin/myapp:[0x41292a] - 0x7f80600029e0
@ ./bin/myapp:[0x41292a] - 0x7f8060002950
@ ./bin/myapp:[0x41292a] - 0x7f8060002a70
@ /lib64/libc.so.6:[0x7f806e76e1c9] - 0x7f8060002930
@ /lib64/libc.so.6:(__strdup+0x1a)[0x7f806e744b8a] + 0x7f8060002930 0xf
@ /lib64/libc.so.6:[0x7f806e726c4d] + 0x7f8060002d10 0x238
@ /lib64/libc.so.6:(fclose+0x177)[0x7f806e726247] - 0x7f8060002d10
@ ./bin/myapp:[0x414a26] - 0x7f8060002ca0
@ ./bin/myapp:[0x414a32] - 0x7f80600008c0
@ /lib64/libc.so.6:[0x7f806e76e1c9] - 0x7f8060002930
@ /lib64/libc.so.6:(__strdup+0x1a)[0x7f806e744b8a] + 0x7f8060002930 0xf
@ /lib64/libc.so.6:[0x7f806e726c4d] + 0x7f8060002950 0x238
@ /lib64/libc.so.6:(fclose+0x177)[0x7f806e726247] - 0x7f8060002950
@ /lib64/libc.so.6:[0x7f806e76e1c9] - 0x7f8060002930
@ /lib64/libc.so.6:(__strdup+0x1a)[0x7f806e744b8a] + 0xdf5640 0xf
@ /lib64/libc.so.6:[0x7f806e726c4d] + 0xdf5e20 0x238
@ /lib64/libc.so.6:(fclose+0x177)[0x7f806e726247] - 0xdf5e20
@ ./bin/myapp:[0x414e8c] + 0xdf55c0 0x4
@ /lib64/libc.so.6:[0x7f806e76e1c9] - 0xdf5640
@ /lib64/libc.so.6:(__strdup+0x1a)[0x7f806e744b8a] + 0xdf5640 0xf
@ /lib64/libc.so.6:[0x7f806e726c4d] + 0xdf5e20 0x238
@ /lib64/libc.so.6:[0x7f806e76e1c9] - 0xdf5640
@ /lib64/libc.so.6:(__strdup+0x1a)[0x7f806e744b8a] + 0x7f8060002930 0xf
@ /lib64/libc.so.6:(fclose+0x177)[0x7f806e726247] - 0xdf5e20
@ ./bin/myapp:[0x414e8c] + 0xdf5640 0x4
@ /lib64/libc.so.6:[0x7f806e726c4d] + 0x7f8060002950 0x238
@ /lib64/libc.so.6:[0x7f806e76e1c9] - 0x7f8060002930
@ /lib64/libc.so.6:(fclose+0x177)[0x7f806e726247] - 0x7f8060002950
@ ./bin/myapp:[0x4148e8] - 0xdf55c0
@ ./bin/myapp:[0x4148f2] + 0x7f80600008c0 0x2000
@ /lib64/libc.so.6:(__strdup+0x1a)[0x7f806e744b8a] + 0x7f80680028d0 0xf
@ /lib64/libc.so.6:[0x7f806e726c4d] + 0x7f8068002910 0x238
@ /lib64/libc.so.6:(fclose+0x177)[0x7f806e726247] - 0x7f8068002910
@ ./bin/myapp:[0x4148e8] - 0xdf5640
@ ./bin/myapp:[0x4148f2] + 0x7f80680008c0 0x2000
@ /lib64/libc.so.6:[0x7f806e76e1c9] - 0x7f80680028d0
@ /lib64/libc.so.6:(__strdup+0x1a)[0x7f806e744b8a] + 0x7f80680028d0 0xf
@ /lib64/libc.so.6:[0x7f806e726c4d] + 0x7f8068002910 0x238
@ /lib64/libc.so.6:[0x7f806e76e1c9] - 0x7f80680028d0
@ /lib64/libc.so.6:(__strdup+0x1a)[0x7f806e744b8a] + 0x7f80600028d0 0xf
@ /lib64/libc.so.6:(fclose+0x177)[0x7f806e726247] - 0x7f8068002910
@ ./bin/myapp:[0x414a32] - 0x7f80680008c0
@ /lib64/libc.so.6:[0x7f806e726c4d] + 0x7f80600028f0 0x238
@ /lib64/libc.so.6:[0x7f806e76e1c9] - 0x7f80600028d0
@ /lib64/libc.so.6:(__strdup+0x1a)[0x7f806e744b8a] + 0x7f80680008c0 0xf
@ /lib64/libc.so.6:[0x7f806e726c4d] + 0x7f80680008e0 0x238
@ /lib64/libc.so.6:(fclose+0x177)[0x7f806e726247] - 0x7f80600028f0
@ ./bin/myapp:[0x414a32] - 0x7f80600008c0
@ /lib64/libc.so.6:(fclose+0x177)[0x7f806e726247] - 0x7f80680008e0
@ /lib64/libc.so.6:[0x7f806e76e1c9] - 0x7f80680008c0
@ /lib64/libc.so.6:(__strdup+0x1a)[0x7f806e744b8a] + 0x7f80600008c0 0xf
@ /lib64/libc.so.6